android/app/build/outputs/mapping/release/seeds.txt
com.calculatrice.newarchitecture.modules.MainApplicationTurboModuleManagerDelegate
com.calculatrice.MainApplication
com.calculatrice.newarchitecture.components.MainComponentsRegistry
com.calculatrice.MainActivity
com.calculatrice.newarchitecture.components.MainComponentsRegistry: com.facebook.jni.HybridData mHybridData
com.calculatrice.MainApplication: MainApplication()
com.calculatrice.newarchitecture.modules.MainApplicationTurboModuleManagerDelegate: com.facebook.jni.HybridData initHybrid()
com.calculatrice.newarchitecture.modules.MainApplicationTurboModuleManagerDelegate: boolean canCreateTurboModule(java.lang.String)
com.calculatrice.newarchitecture.components.MainComponentsRegistry: com.facebook.jni.HybridData initHybrid(com.facebook.react.fabric.ComponentFactory)
com.calculatrice.newarchitecture.components.MainComponentsRegistry: MainComponentsRegistry(com.facebook.react.fabric.ComponentFactory)
com.calculatrice.MainActivity: MainActivity()
com.calculatrice.newarchitecture.components.MainComponentsRegistry: com.calculatrice.newarchitecture.components.MainComponentsRegistry register(com.facebook.react.fabric.ComponentFactory)
...
com.facebook.react.fabric.Binding: void renderTemplateToSurface(int,java.lang.String)
com.facebook.react.views.modal.ReactModalHostView: int getChildCount()
com.facebook.react.views.image.ReactImageView: void setSource(com.facebook.react.bridge.ReadableArray)
com.facebook.fbreact.specs.NativeAnimatedModuleSpec: void addAnimatedEventToView(double,java.lang.String,com.facebook.react.bridge.ReadableMap)
com.facebook.react.uimanager.UIManagerModule: void invalidateNodeLayout(int)
androidx.appcompat.widget.Toolbar: void setCollapsible(boolean)
com.facebook.react.bridge.NativeArray: NativeArray(com.facebook.jni.HybridData)
com.facebook.react.bridge.JavaModuleWrapper: JavaModuleWrapper(com.facebook.react.bridge.JSInstance,com.facebook.react.bridge.ModuleHolder)
com.facebook.fbreact.specs.NativeWebSocketModuleSpec: NativeWebSocketModuleSpec(com.facebook.react.bridge.ReactApplicationContext)
com.facebook.fbreact.specs.NativeIntentAndroidSpec: void canOpenURL(java.lang.String,com.facebook.react.bridge.Promise)
com.facebook.react.bridge.CatalystInstanceImpl: void handleMemoryPressure(int)
androidx.swiperefreshlayout.widget.SwipeRefreshLayout: void setSize(int)
androidx.appcompat.widget.SearchView: SearchView(android.content.Context,android.util.AttributeSet)
com.facebook.react.views.view.ReactViewGroup: void setBackfaceVisibility(java.lang.String)
androidx.drawerlayout.widget.DrawerLayout: void setDrawerLockMode(int)
com.facebook.react.bridge.CatalystInstance: com.facebook.react.bridge.JavaScriptContextHolder getJavaScriptContextHolder()
com.facebook.react.views.scroll.ReactScrollViewManager: void setDisableIntervalMomentum(com.facebook.react.views.scroll.ReactScrollView,boolean)
androidx.appcompat.widget.ContentFrameLayout: android.util.TypedValue getMinWidthMajor()
androidx.appcompat.widget.ActionBarOverlayLayout: void setOverlayMode(boolean)
com.facebook.imagepipeline.nativecode.DalvikPurgeableDecoder$OreoUtils: DalvikPurgeableDecoder$OreoUtils()
androidx.appcompat.widget.ActionMenuView: void setOverflowReserved(boolean)
com.facebook.react.bridge.ReadableNativeMap$2: java.lang.String nextKey()
com.facebook.yoga.YogaNative: void jni_YGNodeStyleSetJustifyContentJNI(long,int)
com.facebook.react.uimanager.ViewManager: void receiveCommand(android.view.View,int,com.facebook.react.bridge.ReadableArray)
com.facebook.react.modules.core.TimingModule: void onHostDestroy()
com.facebook.react.bridge.ReadableType: com.facebook.react.bridge.ReadableType valueOf(java.lang.String)
com.facebook.react.bridge.queue.MessageQueueThreadPerfStats: MessageQueueThreadPerfStats()
com.facebook.react.bridge.UIManager: java.lang.String resolveCustomDirectEventName(java.lang.String)
com.facebook.react.views.view.ReactViewManager: void setNativeBackground(com.facebook.react.views.view.ReactViewGroup,com.facebook.react.bridge.ReadableMap)
com.facebook.react.views.slider.ReactSliderManager: void setTestID(com.facebook.react.views.slider.ReactSlider,java.lang.String)
com.facebook.react.views.modal.ReactModalHostManager: void setHardwareAccelerated(android.view.View,boolean)
androidx.appcompat.widget.AppCompatTextView: void setSupportBackgroundTintList(android.content.res.ColorStateList)
com.facebook.fbreact.specs.NativeAnimatedTurboModuleSpec: void disconnectAnimatedNodes(double,double)
com.facebook.react.views.modal.ReactModalHostManager: void onDropViewInstance(com.facebook.react.views.modal.ReactModalHostView)
com.facebook.react.bridge.ReactCxxErrorHandler: void setHandleErrorFunc(java.lang.Object,java.lang.reflect.Method)
com.facebook.react.views.modal.ReactModalHostManager: void setVisible(android.view.View,boolean)
com.facebook.react.views.switchview.ReactSwitchManager: void addEventEmitters(com.facebook.react.uimanager.ThemedReactContext,android.view.View)
com.facebook.react.bridge.JSIModuleRegistry: com.facebook.react.bridge.JSIModule getModule(com.facebook.react.bridge.JSIModuleType)