android/app/build/outputs/mapping/release/mapping.txt
# compiler: R8
# compiler_version: 3.0.76
# min_api: 21
# pg_map_id: c3a2f3d
# common_typos_disable
com.calculatrice.MainActivity -> com.calculatrice.MainActivity:
    com.facebook.react.ReactActivityDelegate createReactActivityDelegate() -> C
    java.lang.String getMainComponentName() -> D
com.calculatrice.MainActivity$MainActivityDelegate -> com.calculatrice.MainActivity$a:
    com.facebook.react.ReactRootView createRootView() -> c
com.calculatrice.MainApplication -> com.calculatrice.MainApplication:
    com.facebook.react.ReactNativeHost mReactNativeHost -> b
    com.facebook.react.ReactNativeHost getReactNativeHost() -> a
    void initializeFlipper(android.content.Context,com.facebook.react.ReactInstanceManager) -> b
com.calculatrice.MainApplication$1 -> com.calculatrice.MainApplication$a:
    java.lang.String getJSMainModuleName() -> f
    java.util.List getPackages() -> h
    boolean getUseDeveloperSupport() -> o
com.calculatrice.newarchitecture.MainApplicationReactNativeHost -> f0.a:
    com.facebook.react.bridge.JSIModulePackage getJSIModulePackage() -> e
    java.lang.String getJSMainModuleName() -> f
    java.util.List getPackages() -> h
    com.facebook.react.ReactPackageTurboModuleManagerDelegate$Builder getReactPackageTurboModuleManagerDelegateBuilder() -> j
    boolean getUseDeveloperSupport() -> o
com.calculatrice.newarchitecture.MainApplicationReactNativeHost$1 -> f0.a$a:
    com.calculatrice.newarchitecture.MainApplicationReactNativeHost this$0 -> a
com.calculatrice.newarchitecture.MainApplicationReactNativeHost$1$1 -> f0.a$a$a:
    com.facebook.react.bridge.ReactApplicationContext val$reactApplicationContext -> a
    com.calculatrice.newarchitecture.MainApplicationReactNativeHost$1 this$1 -> b
com.calculatrice.newarchitecture.modules.MainApplicationTurboModuleManagerDelegate -> com.calculatrice.newarchitecture.modules.MainApplicationTurboModuleManagerDelegate:
    boolean sIsSoLibraryLoaded -> d
com.calculatrice.newarchitecture.modules.MainApplicationTurboModuleManagerDelegate$Builder -> com.calculatrice.newarchitecture.modules.MainApplicationTurboModuleManagerDelegate$a:
    com.facebook.react.ReactPackageTurboModuleManagerDelegate build(com.facebook.react.bridge.ReactApplicationContext,java.util.List) -> b
    com.calculatrice.newarchitecture.modules.MainApplicationTurboModuleManagerDelegate build(com.facebook.react.bridge.ReactApplicationContext,java.util.List) -> e
...
androidx.core.view.ViewParentCompat -> u.s:
    boolean onNestedFling(android.view.ViewParent,android.view.View,float,float,boolean) -> a
    boolean onNestedPreFling(android.view.ViewParent,android.view.View,float,float) -> b
    void onNestedPreScroll(android.view.ViewParent,android.view.View,int,int,int[],int) -> c
    void onNestedScroll(android.view.ViewParent,android.view.View,int,int,int,int,int,int[]) -> d
    void onNestedScrollAccepted(android.view.ViewParent,android.view.View,android.view.View,int,int) -> e
    boolean onStartNestedScroll(android.view.ViewParent,android.view.View,android.view.View,int,int) -> f
    void onStopNestedScroll(android.view.ViewParent,android.view.View,int) -> g
androidx.core.view.ViewPropertyAnimatorCompat -> u.t:
    java.lang.Runnable mEndAction -> c
    java.lang.Runnable mStartAction -> b
    int mOldLayerType -> d
    java.lang.ref.WeakReference mView -> a
    androidx.core.view.ViewPropertyAnimatorCompat alpha(float) -> a
    void cancel() -> b
    long getDuration() -> c
    androidx.core.view.ViewPropertyAnimatorCompat setDuration(long) -> d
    androidx.core.view.ViewPropertyAnimatorCompat setInterpolator(android.view.animation.Interpolator) -> e
    androidx.core.view.ViewPropertyAnimatorCompat setListener(androidx.core.view.ViewPropertyAnimatorListener) -> f
    void setListenerInternal(android.view.View,androidx.core.view.ViewPropertyAnimatorListener) -> g
    androidx.core.view.ViewPropertyAnimatorCompat setStartDelay(long) -> h
    androidx.core.view.ViewPropertyAnimatorCompat setUpdateListener(androidx.core.view.ViewPropertyAnimatorUpdateListener) -> i
    void start() -> j
    androidx.core.view.ViewPropertyAnimatorCompat translationY(float) -> k
androidx.core.view.ViewPropertyAnimatorCompat$1 -> u.t$a:
    androidx.core.view.ViewPropertyAnimatorListener val$listener -> a
    android.view.View val$view -> b
androidx.core.view.ViewPropertyAnimatorCompat$2 -> u.t$b:
    androidx.core.view.ViewPropertyAnimatorUpdateListener val$listener -> a
    android.view.View val$view -> b
androidx.core.view.ViewPropertyAnimatorCompat$ViewPropertyAnimatorListenerApi14 -> u.t$c:
    androidx.core.view.ViewPropertyAnimatorCompat mVpa -> a
    boolean mAnimEndCalled -> b
    void onAnimationCancel(android.view.View) -> a
    void onAnimationEnd(android.view.View) -> b
    void onAnimationStart(android.view.View) -> c
androidx.core.view.ViewPropertyAnimatorListener -> u.u:
    void onAnimationCancel(android.view.View) -> a
    void onAnimationEnd(android.view.View) -> b
    void onAnimationStart(android.view.View) -> c
androidx.core.view.ViewPropertyAnimatorListenerAdapter -> u.v:
    void onAnimationCancel(android.view.View) -> a
    void onAnimationStart(android.view.View) -> c
androidx.core.view.ViewPropertyAnimatorUpdateListener -> u.w:
    void onAnimationUpdate(android.view.View) -> a
androidx.core.view.WindowInsetsCompat -> u.x:
    java.lang.Object mInsets -> a
    int getSystemWindowInsetBottom() -> a
    int getSystemWindowInsetLeft() -> b
    int getSystemWindowInsetRight() -> c
    int getSystemWindowInsetTop() -> d
    androidx.core.view.WindowInsetsCompat replaceSystemWindowInsets(int,int,int,int) -> e
    java.lang.Object unwrap(androidx.core.view.WindowInsetsCompat) -> f
    androidx.core.view.WindowInsetsCompat wrap(java.lang.Object) -> g
androidx.core.view.accessibility.AccessibilityClickableSpanCompat -> v.a:
    androidx.core.view.accessibility.AccessibilityNodeInfoCompat mNodeInfoCompat -> c
    int mClickableSpanActionId -> d
    int mOriginalClickableSpanId -> b