android/app/build/outputs/mapping/release/usage.txt
com.calculatrice.BuildConfig
com.calculatrice.R$anim
com.calculatrice.R$attr
com.calculatrice.R$bool
com.calculatrice.R$color
com.calculatrice.R$dimen
com.calculatrice.R$drawable
com.calculatrice.R$id
com.calculatrice.R$integer
com.calculatrice.R$layout
com.calculatrice.R$mipmap
com.calculatrice.R$string
com.calculatrice.R$style
com.calculatrice.R$styleable
com.calculatrice.R$xml
com.calculatrice.R
com.calculatrice.MainApplication$1:
    final synthetic com.calculatrice.MainApplication this$0
com.calculatrice.MainApplication:
    private final com.facebook.react.ReactNativeHost mNewArchitectureNativeHost
...
com.facebook.infer.annotation.SynchronizedCollection
com.facebook.infer.annotation.ThreadConfined
com.facebook.infer.annotation.ThreadSafe
com.facebook.infer.annotation.TrueOnNull
com.facebook.infer.annotation.Verify
com.facebook.nativefilters.BuildConfig
com.facebook.nativefilters.R$attr
com.facebook.nativefilters.R$color
com.facebook.nativefilters.R$dimen
com.facebook.nativefilters.R$drawable
com.facebook.nativefilters.R$id
com.facebook.nativefilters.R$integer
com.facebook.nativefilters.R$layout
com.facebook.nativefilters.R$string
com.facebook.nativefilters.R$style
com.facebook.nativefilters.R$styleable
com.facebook.nativefilters.R
com.facebook.nativeimagetranscoder.BuildConfig
com.facebook.nativeimagetranscoder.R$attr
com.facebook.nativeimagetranscoder.R$color
com.facebook.nativeimagetranscoder.R$dimen
com.facebook.nativeimagetranscoder.R$drawable
com.facebook.nativeimagetranscoder.R$id
com.facebook.nativeimagetranscoder.R$integer
com.facebook.nativeimagetranscoder.R$layout
com.facebook.nativeimagetranscoder.R$string
com.facebook.nativeimagetranscoder.R$style
com.facebook.nativeimagetranscoder.R$styleable
com.facebook.nativeimagetranscoder.R
com.facebook.perftest.PerfTestConfig
com.facebook.proguard.annotations.DoNotStripAny
com.facebook.react.BuildConfig
com.facebook.react.CompositeReactPackage
com.facebook.react.EagerModuleProvider
com.facebook.react.HeadlessJsTaskService$1
com.facebook.react.HeadlessJsTaskService$2
com.facebook.react.HeadlessJsTaskService
com.facebook.react.LazyReactPackage$1
com.facebook.react.LazyReactPackage:
    public static com.facebook.react.module.model.ReactModuleInfoProvider getReactModuleInfoProviderViaReflection(com.facebook.react.LazyReactPackage)
com.facebook.react.MemoryPressureRouter:
    public void destroy(android.content.Context)
com.facebook.react.PackageList:
    private android.app.Application application
    public void <init>(android.app.Application)
    public void <init>(android.app.Application,com.facebook.react.shell.MainPackageConfig)
    private android.app.Application getApplication()
    private android.content.Context getApplicationContext()
    private com.facebook.react.ReactNativeHost getReactNativeHost()
    private android.content.res.Resources getResources()
com.facebook.react.R$anim
com.facebook.react.R$attr
com.facebook.react.R$bool
com.facebook.react.R$color
com.facebook.react.R$dimen
com.facebook.react.R$drawable
com.facebook.react.R$id:
    public static final int accessibility_action_clickable_span
    public static final int accessibility_custom_action_0
    public static final int accessibility_custom_action_1
    public static final int accessibility_custom_action_10
    public static final int accessibility_custom_action_11
    public static final int accessibility_custom_action_12
    public static final int accessibility_custom_action_13
    public static final int accessibility_custom_action_14
    public static final int accessibility_custom_action_15
    public static final int accessibility_custom_action_16
    public static final int accessibility_custom_action_17
    public static final int accessibility_custom_action_18
    public static final int accessibility_custom_action_19
    public static final int accessibility_custom_action_2
    public static final int accessibility_custom_action_20
    public static final int accessibility_custom_action_21
    public static final int accessibility_custom_action_22
    public static final int accessibility_custom_action_23
    public static final int accessibility_custom_action_24
    public static final int accessibility_custom_action_25
    public static final int accessibility_custom_action_26
    public static final int accessibility_custom_action_27
    public static final int accessibility_custom_action_28
    public static final int accessibility_custom_action_29
com.facebook.react.R$integer
com.facebook.react.R$layout